<?xml version="1.0" encoding="UTF-8"?>
<testng-results ignored="0" total="2" passed="2" failed="0" skipped="0">
  <reporter-output>
  </reporter-output>
  <suite started-at="2022-09-30T11:32:09 IST" name="Default suite" finished-at="2022-09-30T11:32:09 IST" duration-ms="54">
    <groups>
    </groups>
    <test started-at="2022-09-30T11:32:09 IST" name="Default test" finished-at="2022-09-30T11:32:09 IST" duration-ms="54">
      <class name="DemoTest.TestCases">
        <test-method signature="checkNumInternationalPlayers()[pri:0, instance:DemoTest.TestCases@2fb3536e]" started-at="2022-09-30T11:32:09 IST" name="checkNumInternationalPlayers" finished-at="2022-09-30T11:32:09 IST" duration-ms="16" status="PASS">
          <reporter-output>
          </reporter-output>
        </test-method> <!-- checkNumInternationalPlayers -->
        <test-method signature="checkOneWicketKeeper()[pri:0, instance:DemoTest.TestCases@2fb3536e]" started-at="2022-09-30T11:32:09 IST" name="checkOneWicketKeeper" finished-at="2022-09-30T11:32:09 IST" duration-ms="1" status="PASS">
          <reporter-output>
          </reporter-output>
        </test-method> <!-- checkOneWicketKeeper -->
      </class> <!-- DemoTest.TestCases -->
    </test> <!-- Default test -->
  </suite> <!-- Default suite -->
</testng-results>
